

Microchip MPLAB XC8 Assembler V2.20 build 20200408173844 
                                                                                               Mon Jun 22 17:59:54 2020

Microchip MPLAB XC8 C Compiler v2.20 (Free license) build 20200408173844 Og1 
     1                           	processor	18F4550
     2                           	fnconf	rparam,??,?,0
     3                           	pagewidth 120
     4                           	opt	flic
     5                           	psect	cinit,global,reloc=2,class=CODE,delta=1
     6                           	psect	bitbssCOMRAM,global,bit,class=COMRAM,space=1,delta=1,lowdata,noexec
     7                           	psect	bssCOMRAM,global,class=COMRAM,space=1,delta=1,lowdata,noexec
     8                           	psect	cstackCOMRAM,global,class=COMRAM,space=1,delta=1,lowdata,noexec
     9                           	psect	text0,global,reloc=2,class=CODE,delta=1
    10                           	psect	text1,global,reloc=2,class=CODE,delta=1
    11                           	psect	text2,global,reloc=2,class=CODE,delta=1
    12                           	psect	text3,global,reloc=2,class=CODE,delta=1
    13                           	psect	text4,global,reloc=2,class=CODE,delta=1,group=1
    14                           	psect	text5,global,reloc=2,class=CODE,delta=1
    15                           	psect	text6,global,reloc=2,class=CODE,delta=1
    16                           	psect	intcode,global,reloc=2,class=CODE,delta=1
    17                           	psect	intcode_body,global,reloc=2,class=CODE,delta=1
    18                           	psect	intsave_regs,global,class=BIGRAM,space=1,delta=1,noexec
    19                           	psect	rparam,global,class=COMRAM,space=1,delta=1,noexec
    20                           	psect	temp,global,ovrld,common,class=COMRAM,space=1,delta=1
    21                           	psect	idloc,global,abs,ovrld,class=IDLOC,space=5,delta=1,noexec
    22                           	psect	config,global,abs,ovrld,class=CONFIG,space=4,delta=1,noexec
    23  0000                     
    24                           ; Version 2.20
    25                           ; Generated 12/02/2020 GMT
    26                           ; 
    27                           ; Copyright © 2020, Microchip Technology Inc. and its subsidiaries ("Microchip")
    28                           ; All rights reserved.
    29                           ; 
    30                           ; This software is developed by Microchip Technology Inc. and its subsidiaries ("Microch
      +                          ip").
    31                           ; 
    32                           ; Redistribution and use in source and binary forms, with or without modification, are
    33                           ; permitted provided that the following conditions are met:
    34                           ; 
    35                           ;     1. Redistributions of source code must retain the above copyright notice, this lis
      +                          t of
    36                           ;        conditions and the following disclaimer.
    37                           ; 
    38                           ;     2. Redistributions in binary form must reproduce the above copyright notice, this 
      +                          list
    39                           ;        of conditions and the following disclaimer in the documentation and/or other
    40                           ;        materials provided with the distribution.
    41                           ; 
    42                           ;     3. Microchip's name may not be used to endorse or promote products derived from th
      +                          is
    43                           ;        software without specific prior written permission.
    44                           ; 
    45                           ; THIS SOFTWARE IS PROVIDED BY MICROCHIP "AS IS" AND ANY EXPRESS OR IMPLIED WARRANTIES,
    46                           ; INCLUDING, BUT NOT LIMITED TO, THE IMPLIED WARRANTIES OF MERCHANTABILITY AND FITNESS F
      +                          OR
    47                           ; PURPOSE ARE DISCLAIMED.  IN NO EVENT SHALL MICROCHIP BE LIABLE FOR ANY DIRECT, INDIREC
      +                          T,
    48                           ; INCIDENTAL, SPECIAL, EXEMPLARY, OR CONSEQUENTIAL DAMAGES (INCLUDING BUT NOT LIMITED TO
    49                           ; PROCUREMENT OF SUBSTITUTE GOODS OR SERVICES; LOSS OF USE, DATA OR PROFITS; OR BUSINESS
    50                           ; INTERRUPTION) HOWSOEVER CAUSED AND ON ANY THEORY OF LIABILITY, WHETHER IN CONTRACT, ST
      +                          RICT
    51                           ; LIABILITY, OR TORT (INCLUDING NEGLIGENCE OR OTHERWISE) ARISING IN ANY WAY OUT OF THE U
      +                          SE OF
    52                           ; THIS SOFTWARE, EVEN IF ADVISED OF THE POSSIBILITY OF SUCH DAMAGE.
    53                           ; 
    54                           ; 
    55                           ; Code-generator required, PIC18F4550 Definitions
    56                           ; 
    57                           ; SFR Addresses
    58  0000                     _PIR1bits	set	3998
    59  0000                     _PORTBbits	set	3969
    60  0000                     _PORTAbits	set	3968
    61  0000                     _LATBbits	set	3978
    62  0000                     _TRISAbits	set	3986
    63  0000                     _TRISBbits	set	3987
    64  0000                     _LATA	set	3977
    65  0000                     _LATC	set	3979
    66  0000                     _CCPR1L	set	4030
    67  0000                     _PR2	set	4043
    68  0000                     _INTCONbits	set	4082
    69  0000                     _PIE1bits	set	3997
    70  0000                     _T1CONbits	set	4045
    71  0000                     _TMR1L	set	4046
    72  0000                     _TMR1H	set	4047
    73  0000                     _RCREG	set	4014
    74  0000                     _TXREG	set	4013
    75  0000                     _RCSTAbits	set	4011
    76  0000                     _TXSTAbits	set	4012
    77  0000                     _SPBRG	set	4015
    78  0000                     _TRISCbits	set	3988
    79  0000                     _DC1B0	set	32236
    80  0000                     _ECCPASE	set	32183
    81  0000                     _T2CKPS1	set	32337
    82  0000                     _TMR2IF	set	31985
    83  0000                     _TMR2ON	set	32338
    84  0000                     _DC1B1	set	32237
    85  0000                     _CCP1M0	set	32232
    86  0000                     _CCP1M1	set	32233
    87  0000                     _CCP1M2	set	32234
    88  0000                     _CCP1M3	set	32235
    89  0000                     _P1M0	set	32238
    90  0000                     _P1M1	set	32239
    91  0000                     _RCIF	set	31989
    92                           
    93                           ; #config settings
    94                           
    95                           	psect	cinit
    96  0003C2                     __pcinit:
    97                           	callstack 0
    98  0003C2                     start_initialization:
    99                           	callstack 0
   100  0003C2                     __initialization:
   101                           	callstack 0
   102                           
   103                           ; Clear objects allocated to BITCOMRAM (1 bytes)
   104  0003C2  6A1E               	clrf	(__pbitbssCOMRAM/(0+8))& (0+255),c
   105                           
   106                           ; Clear objects allocated to COMRAM (5 bytes)
   107  0003C4  6A1D               	clrf	(__pbssCOMRAM+4)& (0+255),c
   108  0003C6  6A1C               	clrf	(__pbssCOMRAM+3)& (0+255),c
   109  0003C8  6A1B               	clrf	(__pbssCOMRAM+2)& (0+255),c
   110  0003CA  6A1A               	clrf	(__pbssCOMRAM+1)& (0+255),c
   111  0003CC  6A19               	clrf	__pbssCOMRAM& (0+255),c
   112  0003CE                     end_of_initialization:
   113                           	callstack 0
   114  0003CE                     __end_of__initialization:
   115                           	callstack 0
   116  0003CE  901F               	bcf	int$flags,0,c	;clear compiler interrupt flag (level 1)
   117  0003D0  921F               	bcf	int$flags,1,c	;clear compiler interrupt flag (level 2)
   118  0003D2  0E00               	movlw	low (__Lmediumconst shr (0+16))
   119  0003D4  6EF8               	movwf	tblptru,c
   120  0003D6  0100               	movlb	0
   121  0003D8  EF09  F000         	goto	_main	;jump to C main() function
   122                           
   123                           	psect	bitbssCOMRAM
   124  0000F0                     __pbitbssCOMRAM:
   125                           	callstack 0
   126  0000F0                     _ledEncendida:
   127                           	callstack 0
   128  0000F0                     	ds	1
   129                           
   130                           	psect	bssCOMRAM
   131  000019                     __pbssCOMRAM:
   132                           	callstack 0
   133  000019                     _numeroComando:
   134                           	callstack 0
   135  000019                     	ds	2
   136  00001B                     _contador:
   137                           	callstack 0
   138  00001B                     	ds	2
   139  00001D                     _comandoRecibido:
   140                           	callstack 0
   141  00001D                     	ds	1
   142                           
   143                           	psect	cstackCOMRAM
   144  000001                     __pcstackCOMRAM:
   145                           	callstack 0
   146  000001                     ??_PWM_Speed:
   147  000001                     ?___aldiv:
   148                           	callstack 0
   149  000001                     ___aldiv@dividend:
   150                           	callstack 0
   151                           
   152                           ; 4 bytes @ 0x0
   153  000001                     	ds	2
   154  000003                     PWM_Speed@speed:
   155                           	callstack 0
   156                           
   157                           ; 1 bytes @ 0x2
   158  000003                     	ds	2
   159  000005                     ___aldiv@divisor:
   160                           	callstack 0
   161                           
   162                           ; 4 bytes @ 0x4
   163  000005                     	ds	4
   164  000009                     ___aldiv@counter:
   165                           	callstack 0
   166                           
   167                           ; 1 bytes @ 0x8
   168  000009                     	ds	1
   169  00000A                     ___aldiv@sign:
   170                           	callstack 0
   171                           
   172                           ; 1 bytes @ 0x9
   173  00000A                     	ds	1
   174  00000B                     ___aldiv@quotient:
   175                           	callstack 0
   176                           
   177                           ; 4 bytes @ 0xA
   178  00000B                     	ds	4
   179  00000F                     USART_Init@baud:
   180                           	callstack 0
   181                           
   182                           ; 4 bytes @ 0xE
   183  00000F                     	ds	4
   184  000013                     _USART_Init$1372:
   185                           	callstack 0
   186                           
   187                           ; 4 bytes @ 0x12
   188  000013                     	ds	4
   189  000017                     ??_main:
   190                           
   191                           ; 1 bytes @ 0x16
   192  000017                     	ds	2
   193                           
   194 ;;
   195 ;;Main: autosize = 0, tempsize = 2, incstack = 0, save=0
   196 ;;
   197 ;; *************** function _main *****************
   198 ;; Defined at:
   199 ;;		line 18 in file "carro.c"
   200 ;; Parameters:    Size  Location     Type
   201 ;;		None
   202 ;; Auto vars:     Size  Location     Type
   203 ;;		None
   204 ;; Return value:  Size  Location     Type
   205 ;;                  1    wreg      void 
   206 ;; Registers used:
   207 ;;		wreg, status,2, status,0, cstack
   208 ;; Tracked objects:
   209 ;;		On entry : 0/0
   210 ;;		On exit  : 0/0
   211 ;;		Unchanged: 0/0
   212 ;; Data sizes:     COMRAM   BANK0   BANK1   BANK2   BANK3   BANK4   BANK5   BANK6   BANK7
   213 ;;      Params:         0       0       0       0       0       0       0       0       0
   214 ;;      Locals:         0       0       0       0       0       0       0       0       0
   215 ;;      Temps:          2       0       0       0       0       0       0       0       0
   216 ;;      Totals:         2       0       0       0       0       0       0       0       0
   217 ;;Total ram usage:        2 bytes
   218 ;; Hardware stack levels required when called:    3
   219 ;; This function calls:
   220 ;;		_PWM_Init
   221 ;;		_PWM_Speed
   222 ;;		_USART_Init
   223 ;;		_USART_Rx
   224 ;;		_timer_init
   225 ;; This function is called by:
   226 ;;		Startup code after reset
   227 ;; This function uses a non-reentrant model
   228 ;;
   229                           
   230                           	psect	text0
   231  000012                     __ptext0:
   232                           	callstack 0
   233  000012                     _main:
   234                           	callstack 28
   235  000012                     
   236                           ;carro.c: 19:     USART_Init(9600);
   237  000012  0E80               	movlw	128
   238  000014  6E0F               	movwf	USART_Init@baud^0,c
   239  000016  0E25               	movlw	37
   240  000018  6E10               	movwf	(USART_Init@baud+1)^0,c
   241  00001A  0E00               	movlw	0
   242  00001C  6E11               	movwf	(USART_Init@baud+2)^0,c
   243  00001E  0E00               	movlw	0
   244  000020  6E12               	movwf	(USART_Init@baud+3)^0,c
   245  000022  EC73  F001         	call	_USART_Init	;wreg free
   246  000026                     
   247                           ;carro.c: 20:     PWM_Init();
   248  000026  ECC7  F001         	call	_PWM_Init	;wreg free
   249  00002A                     
   250                           ;carro.c: 21:     LATC=0;
   251  00002A  0E00               	movlw	0
   252  00002C  6E8B               	movwf	139,c	;volatile
   253  00002E                     
   254                           ;carro.c: 22:     LATA=0;
   255  00002E  0E00               	movlw	0
   256  000030  6E89               	movwf	137,c	;volatile
   257  000032                     
   258                           ;carro.c: 23:     TRISBbits.RB0 = 0;
   259  000032  9093               	bcf	147,0,c	;volatile
   260  000034                     
   261                           ;carro.c: 24:     TRISBbits.RB1 = 0;
   262  000034  9293               	bcf	147,1,c	;volatile
   263  000036                     
   264                           ;carro.c: 25:     TRISBbits.RB2 = 0;
   265  000036  9493               	bcf	147,2,c	;volatile
   266  000038                     
   267                           ;carro.c: 26:     TRISBbits.RB3 = 0;
   268  000038  9693               	bcf	147,3,c	;volatile
   269  00003A                     
   270                           ;carro.c: 27:     TRISBbits.RB4 = 0;
   271  00003A  9893               	bcf	147,4,c	;volatile
   272  00003C                     
   273                           ;carro.c: 28:     TRISAbits.RA1 = 0;
   274  00003C  9292               	bcf	146,1,c	;volatile
   275  00003E                     
   276                           ;carro.c: 31:     LATBbits.LB4 = 1;
   277  00003E  888A               	bsf	138,4,c	;volatile
   278  000040                     
   279                           ;carro.c: 32:     timer_init();
   280  000040  ECEE  F001         	call	_timer_init	;wreg free
   281  000044                     l1146:
   282                           
   283                           ;carro.c: 34:         comandoRecibido = USART_Rx();
   284  000044  ECF9  F001         	call	_USART_Rx	;wreg free
   285  000048  6E1D               	movwf	_comandoRecibido^0,c
   286  00004A                     
   287                           ;carro.c: 35:         numeroComando = comandoRecibido - '0';
   288  00004A  0ED0               	movlw	208
   289  00004C  241D               	addwf	_comandoRecibido^0,w,c
   290  00004E  6E19               	movwf	_numeroComando^0,c
   291  000050  6A1A               	clrf	(_numeroComando+1)^0,c
   292  000052  0EFF               	movlw	255
   293  000054  221A               	addwfc	(_numeroComando+1)^0,f,c
   294  000056                     
   295                           ;carro.c: 36:         PORTAbits.RA1 = 1;
   296  000056  8280               	bsf	128,1,c	;volatile
   297                           
   298                           ;carro.c: 37:         switch (numeroComando){
   299  000058  EF72  F000         	goto	l1174
   300  00005C                     l129:
   301                           
   302                           ;carro.c: 39:                 LATBbits.LB0 = 1;
   303  00005C  808A               	bsf	138,0,c	;volatile
   304                           
   305                           ;carro.c: 40:                 LATBbits.LB1 = 0;
   306  00005E  928A               	bcf	138,1,c	;volatile
   307                           
   308                           ;carro.c: 41:                 LATBbits.LB2 = 1;
   309  000060  848A               	bsf	138,2,c	;volatile
   310                           
   311                           ;carro.c: 42:                 LATBbits.LB3 = 0;
   312  000062  968A               	bcf	138,3,c	;volatile
   313                           
   314                           ;carro.c: 43:                 break;
   315  000064  EF22  F000         	goto	l1146
   316  000068                     l131:
   317                           
   318                           ;carro.c: 45:                 LATBbits.LB0 = 0;
   319  000068  908A               	bcf	138,0,c	;volatile
   320                           
   321                           ;carro.c: 46:                 LATBbits.LB1 = 1;
   322  00006A  828A               	bsf	138,1,c	;volatile
   323                           
   324                           ;carro.c: 47:                 LATBbits.LB2 = 0;
   325  00006C  948A               	bcf	138,2,c	;volatile
   326                           
   327                           ;carro.c: 48:                 LATBbits.LB3 = 1;
   328  00006E  868A               	bsf	138,3,c	;volatile
   329                           
   330                           ;carro.c: 49:                 break;
   331  000070  EF22  F000         	goto	l1146
   332  000074                     l132:
   333                           
   334                           ;carro.c: 51:                 LATBbits.LB0 = 1;
   335  000074  808A               	bsf	138,0,c	;volatile
   336                           
   337                           ;carro.c: 52:                 LATBbits.LB1 = 0;
   338  000076  928A               	bcf	138,1,c	;volatile
   339                           
   340                           ;carro.c: 53:                 LATBbits.LB2 = 0;
   341  000078  948A               	bcf	138,2,c	;volatile
   342                           
   343                           ;carro.c: 54:                 LATBbits.LB3 = 1;
   344  00007A  868A               	bsf	138,3,c	;volatile
   345                           
   346                           ;carro.c: 55:                 break;
   347  00007C  EF22  F000         	goto	l1146
   348  000080                     l133:
   349                           
   350                           ;carro.c: 57:                 LATBbits.LB0 = 0;
   351  000080  908A               	bcf	138,0,c	;volatile
   352                           
   353                           ;carro.c: 58:                 LATBbits.LB1 = 1;
   354  000082  828A               	bsf	138,1,c	;volatile
   355                           
   356                           ;carro.c: 59:                 LATBbits.LB2 = 1;
   357  000084  848A               	bsf	138,2,c	;volatile
   358                           
   359                           ;carro.c: 60:                 LATBbits.LB3 = 0;
   360  000086  968A               	bcf	138,3,c	;volatile
   361                           
   362                           ;carro.c: 61:                 break;
   363  000088  EF22  F000         	goto	l1146
   364  00008C                     l1152:
   365                           
   366                           ;carro.c: 63:                 TRISBbits.RB4 ^= 1;
   367  00008C  7893               	btg	147,4,c	;volatile
   368                           
   369                           ;carro.c: 64:                 break;
   370  00008E  EF22  F000         	goto	l1146
   371  000092                     l1154:
   372                           
   373                           ;carro.c: 66:                 T1CONbits.TMR1ON ^= 1;
   374  000092  70CD               	btg	205,0,c	;volatile
   375  000094                     
   376                           ;carro.c: 67:                 if (PORTBbits.RB4 == 0){
   377  000094  B881               	btfsc	129,4,c	;volatile
   378  000096  EF4F  F000         	goto	u181
   379  00009A  EF51  F000         	goto	u180
   380  00009E                     u181:
   381  00009E  EF22  F000         	goto	l1146
   382  0000A2                     u180:
   383  0000A2                     
   384                           ;carro.c: 68:                     LATBbits.LB4 = 1;
   385  0000A2  888A               	bsf	138,4,c	;volatile
   386  0000A4  EF22  F000         	goto	l1146
   387  0000A8                     l1160:
   388                           
   389                           ;carro.c: 72:                 PWM_Speed(0);
   390  0000A8  0E00               	movlw	0
   391  0000AA  EC34  F001         	call	_PWM_Speed
   392                           
   393                           ;carro.c: 73:                 break;
   394  0000AE  EF22  F000         	goto	l1146
   395  0000B2                     l1162:
   396                           
   397                           ;carro.c: 75:                 PWM_Speed(1);
   398  0000B2  0E01               	movlw	1
   399  0000B4  EC34  F001         	call	_PWM_Speed
   400                           
   401                           ;carro.c: 76:                 break;
   402  0000B8  EF22  F000         	goto	l1146
   403  0000BC                     l1164:
   404                           
   405                           ;carro.c: 78:                 PWM_Speed(2);
   406  0000BC  0E02               	movlw	2
   407  0000BE  EC34  F001         	call	_PWM_Speed
   408                           
   409                           ;carro.c: 79:                 break;
   410  0000C2  EF22  F000         	goto	l1146
   411  0000C6                     l1166:
   412                           
   413                           ;carro.c: 81:                 PWM_Speed(3);
   414  0000C6  0E03               	movlw	3
   415  0000C8  EC34  F001         	call	_PWM_Speed
   416                           
   417                           ;carro.c: 82:                 break;
   418  0000CC  EF22  F000         	goto	l1146
   419  0000D0                     l1168:
   420                           
   421                           ;carro.c: 84:                 PWM_Speed(4);
   422  0000D0  0E04               	movlw	4
   423  0000D2  EC34  F001         	call	_PWM_Speed
   424                           
   425                           ;carro.c: 85:                 break;
   426  0000D6  EF22  F000         	goto	l1146
   427  0000DA                     l1170:
   428                           
   429                           ;carro.c: 87:                 PWM_Speed(0);
   430  0000DA  0E00               	movlw	0
   431  0000DC  EC34  F001         	call	_PWM_Speed
   432                           
   433                           ;carro.c: 89:                 break;
   434  0000E0  EF22  F000         	goto	l1146
   435  0000E4                     l1174:
   436  0000E4  C019  F017         	movff	_numeroComando,??_main
   437  0000E8  C01A  F018         	movff	_numeroComando+1,??_main+1
   438                           
   439                           ; Switch on 2 bytes has been partitioned into a top level switch of size 1, and 1 sub-sw
      +                          itches
   440                           ; Switch size 1, requested type "simple"
   441                           ; Number of cases is 1, Range of values is 0 to 0
   442                           ; switch strategies available:
   443                           ; Name         Instructions Cycles
   444                           ; simple_byte            4     3 (average)
   445                           ;	Chosen strategy is simple_byte
   446  0000EC  5018               	movf	(??_main+1)^0,w,c
   447  0000EE  0A00               	xorlw	0	; case 0
   448  0000F0  B4D8               	btfsc	status,2,c
   449  0000F2  EF7D  F000         	goto	l1188
   450  0000F6  EF6D  F000         	goto	l1170
   451  0000FA                     l1188:
   452                           
   453                           ; Switch size 1, requested type "simple"
   454                           ; Number of cases is 11, Range of values is 0 to 10
   455                           ; switch strategies available:
   456                           ; Name         Instructions Cycles
   457                           ; simple_byte           34    18 (average)
   458                           ;	Chosen strategy is simple_byte
   459  0000FA  5017               	movf	??_main^0,w,c
   460  0000FC  0A00               	xorlw	0	; case 0
   461  0000FE  B4D8               	btfsc	status,2,c
   462  000100  EF2E  F000         	goto	l129
   463  000104  0A01               	xorlw	1	; case 1
   464  000106  B4D8               	btfsc	status,2,c
   465  000108  EF34  F000         	goto	l131
   466  00010C  0A03               	xorlw	3	; case 2
   467  00010E  B4D8               	btfsc	status,2,c
   468  000110  EF3A  F000         	goto	l132
   469  000114  0A01               	xorlw	1	; case 3
   470  000116  B4D8               	btfsc	status,2,c
   471  000118  EF40  F000         	goto	l133
   472  00011C  0A07               	xorlw	7	; case 4
   473  00011E  B4D8               	btfsc	status,2,c
   474  000120  EF46  F000         	goto	l1152
   475  000124  0A01               	xorlw	1	; case 5
   476  000126  B4D8               	btfsc	status,2,c
   477  000128  EF49  F000         	goto	l1154
   478  00012C  0A03               	xorlw	3	; case 6
   479  00012E  B4D8               	btfsc	status,2,c
   480  000130  EF54  F000         	goto	l1160
   481  000134  0A01               	xorlw	1	; case 7
   482  000136  B4D8               	btfsc	status,2,c
   483  000138  EF59  F000         	goto	l1162
   484  00013C  0A0F               	xorlw	15	; case 8
   485  00013E  B4D8               	btfsc	status,2,c
   486  000140  EF5E  F000         	goto	l1164
   487  000144  0A01               	xorlw	1	; case 9
   488  000146  B4D8               	btfsc	status,2,c
   489  000148  EF63  F000         	goto	l1166
   490  00014C  0A03               	xorlw	3	; case 10
   491  00014E  B4D8               	btfsc	status,2,c
   492  000150  EF68  F000         	goto	l1168
   493  000154  EF6D  F000         	goto	l1170
   494  000158  EF07  F000         	goto	start
   495  00015C                     __end_of_main:
   496                           	callstack 0
   497                           
   498 ;; *************** function _timer_init *****************
   499 ;; Defined at:
   500 ;;		line 37 in file "LibreriaMicros.c"
   501 ;; Parameters:    Size  Location     Type
   502 ;;		None
   503 ;; Auto vars:     Size  Location     Type
   504 ;;		None
   505 ;; Return value:  Size  Location     Type
   506 ;;                  1    wreg      void 
   507 ;; Registers used:
   508 ;;		wreg, status,2
   509 ;; Tracked objects:
   510 ;;		On entry : 0/0
   511 ;;		On exit  : 0/0
   512 ;;		Unchanged: 0/0
   513 ;; Data sizes:     COMRAM   BANK0   BANK1   BANK2   BANK3   BANK4   BANK5   BANK6   BANK7
   514 ;;      Params:         0       0       0       0       0       0       0       0       0
   515 ;;      Locals:         0       0       0       0       0       0       0       0       0
   516 ;;      Temps:          0       0       0       0       0       0       0       0       0
   517 ;;      Totals:         0       0       0       0       0       0       0       0       0
   518 ;;Total ram usage:        0 bytes
   519 ;; Hardware stack levels used:    1
   520 ;; Hardware stack levels required when called:    1
   521 ;; This function calls:
   522 ;;		Nothing
   523 ;; This function is called by:
   524 ;;		_main
   525 ;; This function uses a non-reentrant model
   526 ;;
   527                           
   528                           	psect	text1
   529  0003DC                     __ptext1:
   530                           	callstack 0
   531  0003DC                     _timer_init:
   532                           	callstack 29
   533  0003DC                     
   534                           ;LibreriaMicros.c: 38:     TMR1H = TMR1L = 0;
   535  0003DC  0E00               	movlw	0
   536  0003DE  6ECE               	movwf	206,c	;volatile
   537  0003E0  CFCE FFCF          	movff	4046,4047	;volatile
   538  0003E4                     
   539                           ;LibreriaMicros.c: 39:     T1CONbits.T1CKPS1 = 0;
   540  0003E4  9ACD               	bcf	205,5,c	;volatile
   541  0003E6                     
   542                           ;LibreriaMicros.c: 40:     T1CONbits.T1CKPS0 = 0;
   543  0003E6  98CD               	bcf	205,4,c	;volatile
   544  0003E8                     
   545                           ;LibreriaMicros.c: 41:     PIE1bits.TMR1IE = 1;
   546  0003E8  809D               	bsf	157,0,c	;volatile
   547  0003EA                     
   548                           ;LibreriaMicros.c: 42:     T1CONbits.TMR1ON = 0;
   549  0003EA  90CD               	bcf	205,0,c	;volatile
   550  0003EC                     
   551                           ;LibreriaMicros.c: 43:     INTCONbits.PEIE = 1;
   552  0003EC  8CF2               	bsf	242,6,c	;volatile
   553  0003EE                     
   554                           ;LibreriaMicros.c: 44:     INTCONbits.GIE = 1;
   555  0003EE  8EF2               	bsf	242,7,c	;volatile
   556  0003F0  0012               	return		;funcret
   557  0003F2                     __end_of_timer_init:
   558                           	callstack 0
   559                           
   560 ;; *************** function _USART_Rx *****************
   561 ;; Defined at:
   562 ;;		line 32 in file "LibreriaMicros.c"
   563 ;; Parameters:    Size  Location     Type
   564 ;;		None
   565 ;; Auto vars:     Size  Location     Type
   566 ;;		None
   567 ;; Return value:  Size  Location     Type
   568 ;;                  1    wreg      unsigned char 
   569 ;; Registers used:
   570 ;;		wreg, status,2
   571 ;; Tracked objects:
   572 ;;		On entry : 0/0
   573 ;;		On exit  : 0/0
   574 ;;		Unchanged: 0/0
   575 ;; Data sizes:     COMRAM   BANK0   BANK1   BANK2   BANK3   BANK4   BANK5   BANK6   BANK7
   576 ;;      Params:         0       0       0       0       0       0       0       0       0
   577 ;;      Locals:         0       0       0       0       0       0       0       0       0
   578 ;;      Temps:          0       0       0       0       0       0       0       0       0
   579 ;;      Totals:         0       0       0       0       0       0       0       0       0
   580 ;;Total ram usage:        0 bytes
   581 ;; Hardware stack levels used:    1
   582 ;; Hardware stack levels required when called:    1
   583 ;; This function calls:
   584 ;;		Nothing
   585 ;; This function is called by:
   586 ;;		_main
   587 ;; This function uses a non-reentrant model
   588 ;;
   589                           
   590                           	psect	text2
   591  0003F2                     __ptext2:
   592                           	callstack 0
   593  0003F2                     _USART_Rx:
   594                           	callstack 29
   595  0003F2                     l33:
   596  0003F2  AA9E               	btfss	3998,5,c	;volatile
   597  0003F4  EFFE  F001         	goto	u71
   598  0003F8  EF00  F002         	goto	u70
   599  0003FC                     u71:
   600  0003FC  EFF9  F001         	goto	l33
   601  000400                     u70:
   602  000400                     
   603                           ;LibreriaMicros.c: 34:     return RCREG;
   604  000400  50AE               	movf	174,w,c	;volatile
   605  000402  0012               	return		;funcret
   606  000404                     __end_of_USART_Rx:
   607                           	callstack 0
   608                           
   609 ;; *************** function _USART_Init *****************
   610 ;; Defined at:
   611 ;;		line 6 in file "LibreriaMicros.c"
   612 ;; Parameters:    Size  Location     Type
   613 ;;  baud            4   14[COMRAM] long 
   614 ;; Auto vars:     Size  Location     Type
   615 ;;		None
   616 ;; Return value:  Size  Location     Type
   617 ;;                  1    wreg      void 
   618 ;; Registers used:
   619 ;;		wreg, status,2, status,0, cstack
   620 ;; Tracked objects:
   621 ;;		On entry : 0/0
   622 ;;		On exit  : 0/0
   623 ;;		Unchanged: 0/0
   624 ;; Data sizes:     COMRAM   BANK0   BANK1   BANK2   BANK3   BANK4   BANK5   BANK6   BANK7
   625 ;;      Params:         4       0       0       0       0       0       0       0       0
   626 ;;      Locals:         4       0       0       0       0       0       0       0       0
   627 ;;      Temps:          0       0       0       0       0       0       0       0       0
   628 ;;      Totals:         8       0       0       0       0       0       0       0       0
   629 ;;Total ram usage:        8 bytes
   630 ;; Hardware stack levels used:    1
   631 ;; Hardware stack levels required when called:    2
   632 ;; This function calls:
   633 ;;		___aldiv
   634 ;; This function is called by:
   635 ;;		_main
   636 ;; This function uses a non-reentrant model
   637 ;;
   638                           
   639                           	psect	text3
   640  0002E6                     __ptext3:
   641                           	callstack 0
   642  0002E6                     _USART_Init:
   643                           	callstack 28
   644  0002E6                     
   645                           ;LibreriaMicros.c: 8:     TRISCbits.RC6 = 0;
   646  0002E6  9C94               	bcf	148,6,c	;volatile
   647                           
   648                           ;LibreriaMicros.c: 9:     TRISCbits.RC7 = 1;
   649  0002E8  8E94               	bsf	148,7,c	;volatile
   650  0002EA                     
   651                           ;LibreriaMicros.c: 12:     SPBRG = (unsigned char)((8000000L/baud)/64)-1;
   652  0002EA  C00F  F005         	movff	USART_Init@baud,___aldiv@divisor
   653  0002EE  C010  F006         	movff	USART_Init@baud+1,___aldiv@divisor+1
   654  0002F2  C011  F007         	movff	USART_Init@baud+2,___aldiv@divisor+2
   655  0002F6  C012  F008         	movff	USART_Init@baud+3,___aldiv@divisor+3
   656  0002FA  0E00               	movlw	0
   657  0002FC  6E01               	movwf	___aldiv@dividend^0,c
   658  0002FE  0E12               	movlw	18
   659  000300  6E02               	movwf	(___aldiv@dividend+1)^0,c
   660  000302  0E7A               	movlw	122
   661  000304  6E03               	movwf	(___aldiv@dividend+2)^0,c
   662  000306  0E00               	movlw	0
   663  000308  6E04               	movwf	(___aldiv@dividend+3)^0,c
   664  00030A  ECAE  F000         	call	___aldiv	;wreg free
   665  00030E  C001  F013         	movff	?___aldiv,_USART_Init$1372
   666  000312  C002  F014         	movff	?___aldiv+1,_USART_Init$1372+1
   667  000316  C003  F015         	movff	?___aldiv+2,_USART_Init$1372+2
   668  00031A  C004  F016         	movff	?___aldiv+3,_USART_Init$1372+3
   669                           
   670                           ;LibreriaMicros.c: 12:     SPBRG = (unsigned char)((8000000L/baud)/64)-1;
   671  00031E  C013  F001         	movff	_USART_Init$1372,___aldiv@dividend
   672  000322  C014  F002         	movff	_USART_Init$1372+1,___aldiv@dividend+1
   673  000326  C015  F003         	movff	_USART_Init$1372+2,___aldiv@dividend+2
   674  00032A  C016  F004         	movff	_USART_Init$1372+3,___aldiv@dividend+3
   675  00032E  0E40               	movlw	64
   676  000330  6E05               	movwf	___aldiv@divisor^0,c
   677  000332  0E00               	movlw	0
   678  000334  6E06               	movwf	(___aldiv@divisor+1)^0,c
   679  000336  0E00               	movlw	0
   680  000338  6E07               	movwf	(___aldiv@divisor+2)^0,c
   681  00033A  0E00               	movlw	0
   682  00033C  6E08               	movwf	(___aldiv@divisor+3)^0,c
   683  00033E  ECAE  F000         	call	___aldiv	;wreg free
   684  000342  0401               	decf	?___aldiv^0,w,c
   685  000344  6EAF               	movwf	175,c	;volatile
   686  000346                     
   687                           ;LibreriaMicros.c: 15:     TXSTAbits.BRGH = 0;
   688  000346  94AC               	bcf	172,2,c	;volatile
   689  000348                     
   690                           ;LibreriaMicros.c: 16:     TXSTAbits.SYNC = 0;
   691  000348  98AC               	bcf	172,4,c	;volatile
   692  00034A                     
   693                           ;LibreriaMicros.c: 17:     RCSTAbits.SPEN = 1;
   694  00034A  8EAB               	bsf	171,7,c	;volatile
   695  00034C                     
   696                           ;LibreriaMicros.c: 20:     TXSTAbits.TX9 = 0;
   697  00034C  9CAC               	bcf	172,6,c	;volatile
   698  00034E                     
   699                           ;LibreriaMicros.c: 21:     TXSTAbits.TXEN = 1;
   700  00034E  8AAC               	bsf	172,5,c	;volatile
   701  000350                     
   702                           ;LibreriaMicros.c: 24:     RCSTAbits.RC9 = 0;
   703  000350  9CAB               	bcf	171,6,c	;volatile
   704  000352                     
   705                           ;LibreriaMicros.c: 25:     RCSTAbits.CREN = 1;
   706  000352  88AB               	bsf	171,4,c	;volatile
   707  000354  0012               	return		;funcret
   708  000356                     __end_of_USART_Init:
   709                           	callstack 0
   710                           
   711 ;; *************** function ___aldiv *****************
   712 ;; Defined at:
   713 ;;		line 7 in file "D:\Microchip\xc8\v2.20\pic\sources\c99\common\aldiv.c"
   714 ;; Parameters:    Size  Location     Type
   715 ;;  dividend        4    0[COMRAM] long 
   716 ;;  divisor         4    4[COMRAM] long 
   717 ;; Auto vars:     Size  Location     Type
   718 ;;  quotient        4   10[COMRAM] long 
   719 ;;  sign            1    9[COMRAM] unsigned char 
   720 ;;  counter         1    8[COMRAM] unsigned char 
   721 ;; Return value:  Size  Location     Type
   722 ;;                  4    0[COMRAM] long 
   723 ;; Registers used:
   724 ;;		wreg, status,2, status,0
   725 ;; Tracked objects:
   726 ;;		On entry : 0/0
   727 ;;		On exit  : 0/0
   728 ;;		Unchanged: 0/0
   729 ;; Data sizes:     COMRAM   BANK0   BANK1   BANK2   BANK3   BANK4   BANK5   BANK6   BANK7
   730 ;;      Params:         8       0       0       0       0       0       0       0       0
   731 ;;      Locals:         6       0       0       0       0       0       0       0       0
   732 ;;      Temps:          0       0       0       0       0       0       0       0       0
   733 ;;      Totals:        14       0       0       0       0       0       0       0       0
   734 ;;Total ram usage:       14 bytes
   735 ;; Hardware stack levels used:    1
   736 ;; Hardware stack levels required when called:    1
   737 ;; This function calls:
   738 ;;		Nothing
   739 ;; This function is called by:
   740 ;;		_USART_Init
   741 ;; This function uses a non-reentrant model
   742 ;;
   743                           
   744                           	psect	text4
   745  00015C                     __ptext4:
   746                           	callstack 0
   747  00015C                     ___aldiv:
   748                           	callstack 28
   749  00015C  0E00               	movlw	0
   750  00015E  6E0A               	movwf	___aldiv@sign^0,c
   751  000160  BE08               	btfsc	(___aldiv@divisor+3)^0,7,c
   752  000162  EFB7  F000         	goto	u120
   753  000166  EFB5  F000         	goto	u121
   754  00016A                     u121:
   755  00016A  EFC1  F000         	goto	l1068
   756  00016E                     u120:
   757  00016E  1E08               	comf	(___aldiv@divisor+3)^0,f,c
   758  000170  1E07               	comf	(___aldiv@divisor+2)^0,f,c
   759  000172  1E06               	comf	(___aldiv@divisor+1)^0,f,c
   760  000174  6C05               	negf	___aldiv@divisor^0,c
   761  000176  0E00               	movlw	0
   762  000178  2206               	addwfc	(___aldiv@divisor+1)^0,f,c
   763  00017A  2207               	addwfc	(___aldiv@divisor+2)^0,f,c
   764  00017C  2208               	addwfc	(___aldiv@divisor+3)^0,f,c
   765  00017E  0E01               	movlw	1
   766  000180  6E0A               	movwf	___aldiv@sign^0,c
   767  000182                     l1068:
   768  000182  BE04               	btfsc	(___aldiv@dividend+3)^0,7,c
   769  000184  EFC8  F000         	goto	u130
   770  000188  EFC6  F000         	goto	u131
   771  00018C                     u131:
   772  00018C  EFD2  F000         	goto	l1074
   773  000190                     u130:
   774  000190  1E04               	comf	(___aldiv@dividend+3)^0,f,c
   775  000192  1E03               	comf	(___aldiv@dividend+2)^0,f,c
   776  000194  1E02               	comf	(___aldiv@dividend+1)^0,f,c
   777  000196  6C01               	negf	___aldiv@dividend^0,c
   778  000198  0E00               	movlw	0
   779  00019A  2202               	addwfc	(___aldiv@dividend+1)^0,f,c
   780  00019C  2203               	addwfc	(___aldiv@dividend+2)^0,f,c
   781  00019E  2204               	addwfc	(___aldiv@dividend+3)^0,f,c
   782  0001A0  0E01               	movlw	1
   783  0001A2  1A0A               	xorwf	___aldiv@sign^0,f,c
   784  0001A4                     l1074:
   785  0001A4  0E00               	movlw	0
   786  0001A6  6E0B               	movwf	___aldiv@quotient^0,c
   787  0001A8  0E00               	movlw	0
   788  0001AA  6E0C               	movwf	(___aldiv@quotient+1)^0,c
   789  0001AC  0E00               	movlw	0
   790  0001AE  6E0D               	movwf	(___aldiv@quotient+2)^0,c
   791  0001B0  0E00               	movlw	0
   792  0001B2  6E0E               	movwf	(___aldiv@quotient+3)^0,c
   793  0001B4  5005               	movf	___aldiv@divisor^0,w,c
   794  0001B6  1006               	iorwf	(___aldiv@divisor+1)^0,w,c
   795  0001B8  1007               	iorwf	(___aldiv@divisor+2)^0,w,c
   796  0001BA  1008               	iorwf	(___aldiv@divisor+3)^0,w,c
   797  0001BC  B4D8               	btfsc	status,2,c
   798  0001BE  EFE3  F000         	goto	u141
   799  0001C2  EFE5  F000         	goto	u140
   800  0001C6                     u141:
   801  0001C6  EF1B  F001         	goto	l1096
   802  0001CA                     u140:
   803  0001CA  0E01               	movlw	1
   804  0001CC  6E09               	movwf	___aldiv@counter^0,c
   805  0001CE  EFEF  F000         	goto	l1082
   806  0001D2                     l1080:
   807  0001D2  90D8               	bcf	status,0,c
   808  0001D4  3605               	rlcf	___aldiv@divisor^0,f,c
   809  0001D6  3606               	rlcf	(___aldiv@divisor+1)^0,f,c
   810  0001D8  3607               	rlcf	(___aldiv@divisor+2)^0,f,c
   811  0001DA  3608               	rlcf	(___aldiv@divisor+3)^0,f,c
   812  0001DC  2A09               	incf	___aldiv@counter^0,f,c
   813  0001DE                     l1082:
   814  0001DE  AE08               	btfss	(___aldiv@divisor+3)^0,7,c
   815  0001E0  EFF4  F000         	goto	u151
   816  0001E4  EFF6  F000         	goto	u150
   817  0001E8                     u151:
   818  0001E8  EFE9  F000         	goto	l1080
   819  0001EC                     u150:
   820  0001EC                     l1084:
   821  0001EC  90D8               	bcf	status,0,c
   822  0001EE  360B               	rlcf	___aldiv@quotient^0,f,c
   823  0001F0  360C               	rlcf	(___aldiv@quotient+1)^0,f,c
   824  0001F2  360D               	rlcf	(___aldiv@quotient+2)^0,f,c
   825  0001F4  360E               	rlcf	(___aldiv@quotient+3)^0,f,c
   826  0001F6  5005               	movf	___aldiv@divisor^0,w,c
   827  0001F8  5C01               	subwf	___aldiv@dividend^0,w,c
   828  0001FA  5006               	movf	(___aldiv@divisor+1)^0,w,c
   829  0001FC  5802               	subwfb	(___aldiv@dividend+1)^0,w,c
   830  0001FE  5007               	movf	(___aldiv@divisor+2)^0,w,c
   831  000200  5803               	subwfb	(___aldiv@dividend+2)^0,w,c
   832  000202  5008               	movf	(___aldiv@divisor+3)^0,w,c
   833  000204  5804               	subwfb	(___aldiv@dividend+3)^0,w,c
   834  000206  A0D8               	btfss	status,0,c
   835  000208  EF08  F001         	goto	u161
   836  00020C  EF0A  F001         	goto	u160
   837  000210                     u161:
   838  000210  EF13  F001         	goto	l1092
   839  000214                     u160:
   840  000214  5005               	movf	___aldiv@divisor^0,w,c
   841  000216  5E01               	subwf	___aldiv@dividend^0,f,c
   842  000218  5006               	movf	(___aldiv@divisor+1)^0,w,c
   843  00021A  5A02               	subwfb	(___aldiv@dividend+1)^0,f,c
   844  00021C  5007               	movf	(___aldiv@divisor+2)^0,w,c
   845  00021E  5A03               	subwfb	(___aldiv@dividend+2)^0,f,c
   846  000220  5008               	movf	(___aldiv@divisor+3)^0,w,c
   847  000222  5A04               	subwfb	(___aldiv@dividend+3)^0,f,c
   848  000224  800B               	bsf	___aldiv@quotient^0,0,c
   849  000226                     l1092:
   850  000226  90D8               	bcf	status,0,c
   851  000228  3208               	rrcf	(___aldiv@divisor+3)^0,f,c
   852  00022A  3207               	rrcf	(___aldiv@divisor+2)^0,f,c
   853  00022C  3206               	rrcf	(___aldiv@divisor+1)^0,f,c
   854  00022E  3205               	rrcf	___aldiv@divisor^0,f,c
   855  000230  2E09               	decfsz	___aldiv@counter^0,f,c
   856  000232  EFF6  F000         	goto	l1084
   857  000236                     l1096:
   858  000236  500A               	movf	___aldiv@sign^0,w,c
   859  000238  B4D8               	btfsc	status,2,c
   860  00023A  EF21  F001         	goto	u171
   861  00023E  EF23  F001         	goto	u170
   862  000242                     u171:
   863  000242  EF2B  F001         	goto	l1100
   864  000246                     u170:
   865  000246  1E0E               	comf	(___aldiv@quotient+3)^0,f,c
   866  000248  1E0D               	comf	(___aldiv@quotient+2)^0,f,c
   867  00024A  1E0C               	comf	(___aldiv@quotient+1)^0,f,c
   868  00024C  6C0B               	negf	___aldiv@quotient^0,c
   869  00024E  0E00               	movlw	0
   870  000250  220C               	addwfc	(___aldiv@quotient+1)^0,f,c
   871  000252  220D               	addwfc	(___aldiv@quotient+2)^0,f,c
   872  000254  220E               	addwfc	(___aldiv@quotient+3)^0,f,c
   873  000256                     l1100:
   874  000256  C00B  F001         	movff	___aldiv@quotient,?___aldiv
   875  00025A  C00C  F002         	movff	___aldiv@quotient+1,?___aldiv+1
   876  00025E  C00D  F003         	movff	___aldiv@quotient+2,?___aldiv+2
   877  000262  C00E  F004         	movff	___aldiv@quotient+3,?___aldiv+3
   878  000266  0012               	return		;funcret
   879  000268                     __end_of___aldiv:
   880                           	callstack 0
   881                           
   882 ;; *************** function _PWM_Speed *****************
   883 ;; Defined at:
   884 ;;		line 43 in file "PWM.c"
   885 ;; Parameters:    Size  Location     Type
   886 ;;  speed           1    wreg     unsigned char 
   887 ;; Auto vars:     Size  Location     Type
   888 ;;  speed           1    2[COMRAM] unsigned char 
   889 ;; Return value:  Size  Location     Type
   890 ;;                  1    wreg      void 
   891 ;; Registers used:
   892 ;;		wreg, status,2, status,0
   893 ;; Tracked objects:
   894 ;;		On entry : 0/0
   895 ;;		On exit  : 0/0
   896 ;;		Unchanged: 0/0
   897 ;; Data sizes:     COMRAM   BANK0   BANK1   BANK2   BANK3   BANK4   BANK5   BANK6   BANK7
   898 ;;      Params:         0       0       0       0       0       0       0       0       0
   899 ;;      Locals:         1       0       0       0       0       0       0       0       0
   900 ;;      Temps:          2       0       0       0       0       0       0       0       0
   901 ;;      Totals:         3       0       0       0       0       0       0       0       0
   902 ;;Total ram usage:        3 bytes
   903 ;; Hardware stack levels used:    1
   904 ;; Hardware stack levels required when called:    1
   905 ;; This function calls:
   906 ;;		Nothing
   907 ;; This function is called by:
   908 ;;		_main
   909 ;; This function uses a non-reentrant model
   910 ;;
   911                           
   912                           	psect	text5
   913  000268                     __ptext5:
   914                           	callstack 0
   915  000268                     _PWM_Speed:
   916                           	callstack 29
   917                           
   918                           ;incstack = 0
   919                           ;PWM_Speed@speed stored from wreg
   920  000268  6E03               	movwf	PWM_Speed@speed^0,c
   921  00026A                     
   922                           ;PWM.c: 44:     switch(speed){
   923  00026A  EF51  F001         	goto	l974
   924  00026E                     l938:
   925                           
   926                           ;PWM.c: 46:             CCPR1L = 0;
   927  00026E  0E00               	movlw	0
   928  000270  6EBE               	movwf	190,c	;volatile
   929  000272                     l940:
   930                           
   931                           ;PWM.c: 47:             DC1B0 = 0;
   932  000272  98BD               	bcf	4029,4,c	;volatile
   933  000274                     l942:
   934                           
   935                           ;PWM.c: 48:             DC1B1 = 0;
   936  000274  9ABD               	bcf	4029,5,c	;volatile
   937                           
   938                           ;PWM.c: 49:             break;
   939  000276  EF72  F001         	goto	l86
   940  00027A                     l944:
   941                           
   942                           ;PWM.c: 51:             CCPR1L = 125>>2;
   943  00027A  0E1F               	movlw	31
   944  00027C  6EBE               	movwf	190,c	;volatile
   945  00027E                     
   946                           ;PWM.c: 52:             DC1B0 = 125&0b1;
   947  00027E  88BD               	bsf	4029,4,c	;volatile
   948  000280  EF3A  F001         	goto	l942
   949  000284                     l950:
   950                           
   951                           ;PWM.c: 56:             CCPR1L = 250>>2;
   952  000284  0E3E               	movlw	62
   953  000286  6EBE               	movwf	190,c	;volatile
   954  000288                     
   955                           ;PWM.c: 57:             DC1B0 = 250&0b1;
   956  000288  98BD               	bcf	4029,4,c	;volatile
   957  00028A                     l954:
   958                           
   959                           ;PWM.c: 58:             DC1B1 = (250&0b10)>>1;
   960  00028A  8ABD               	bsf	4029,5,c	;volatile
   961                           
   962                           ;PWM.c: 59:             break;
   963  00028C  EF72  F001         	goto	l86
   964  000290                     l956:
   965                           
   966                           ;PWM.c: 61:             CCPR1L = 375>>2;
   967  000290  0E5D               	movlw	93
   968  000292  6EBE               	movwf	190,c	;volatile
   969  000294                     
   970                           ;PWM.c: 62:             DC1B0 = 375&0b1;
   971  000294  88BD               	bsf	4029,4,c	;volatile
   972  000296  EF45  F001         	goto	l954
   973  00029A                     l962:
   974                           
   975                           ;PWM.c: 66:             CCPR1L = 499>>2;
   976  00029A  0E7C               	movlw	124
   977  00029C  6EBE               	movwf	190,c	;volatile
   978  00029E  EF39  F001         	goto	l940
   979  0002A2                     l974:
   980  0002A2  5003               	movf	PWM_Speed@speed^0,w,c
   981  0002A4  6E01               	movwf	??_PWM_Speed^0,c
   982  0002A6  6A02               	clrf	(??_PWM_Speed+1)^0,c
   983                           
   984                           ; Switch on 2 bytes has been partitioned into a top level switch of size 1, and 1 sub-sw
      +                          itches
   985                           ; Switch size 1, requested type "simple"
   986                           ; Number of cases is 1, Range of values is 0 to 0
   987                           ; switch strategies available:
   988                           ; Name         Instructions Cycles
   989                           ; simple_byte            4     3 (average)
   990                           ;	Chosen strategy is simple_byte
   991  0002A8  5002               	movf	(??_PWM_Speed+1)^0,w,c
   992  0002AA  0A00               	xorlw	0	; case 0
   993  0002AC  B4D8               	btfsc	status,2,c
   994  0002AE  EF5B  F001         	goto	l1190
   995  0002B2  EF37  F001         	goto	l938
   996  0002B6                     l1190:
   997                           
   998                           ; Switch size 1, requested type "simple"
   999                           ; Number of cases is 5, Range of values is 0 to 4
  1000                           ; switch strategies available:
  1001                           ; Name         Instructions Cycles
  1002                           ; simple_byte           16     9 (average)
  1003                           ;	Chosen strategy is simple_byte
  1004  0002B6  5001               	movf	??_PWM_Speed^0,w,c
  1005  0002B8  0A00               	xorlw	0	; case 0
  1006  0002BA  B4D8               	btfsc	status,2,c
  1007  0002BC  EF37  F001         	goto	l938
  1008  0002C0  0A01               	xorlw	1	; case 1
  1009  0002C2  B4D8               	btfsc	status,2,c
  1010  0002C4  EF3D  F001         	goto	l944
  1011  0002C8  0A03               	xorlw	3	; case 2
  1012  0002CA  B4D8               	btfsc	status,2,c
  1013  0002CC  EF42  F001         	goto	l950
  1014  0002D0  0A01               	xorlw	1	; case 3
  1015  0002D2  B4D8               	btfsc	status,2,c
  1016  0002D4  EF48  F001         	goto	l956
  1017  0002D8  0A07               	xorlw	7	; case 4
  1018  0002DA  B4D8               	btfsc	status,2,c
  1019  0002DC  EF4D  F001         	goto	l962
  1020  0002E0  EF37  F001         	goto	l938
  1021  0002E4                     l86:
  1022  0002E4  0012               	return		;funcret
  1023  0002E6                     __end_of_PWM_Speed:
  1024                           	callstack 0
  1025                           
  1026 ;; *************** function _PWM_Init *****************
  1027 ;; Defined at:
  1028 ;;		line 17 in file "PWM.c"
  1029 ;; Parameters:    Size  Location     Type
  1030 ;;		None
  1031 ;; Auto vars:     Size  Location     Type
  1032 ;;		None
  1033 ;; Return value:  Size  Location     Type
  1034 ;;                  1    wreg      void 
  1035 ;; Registers used:
  1036 ;;		wreg, status,2
  1037 ;; Tracked objects:
  1038 ;;		On entry : 0/0
  1039 ;;		On exit  : 0/0
  1040 ;;		Unchanged: 0/0
  1041 ;; Data sizes:     COMRAM   BANK0   BANK1   BANK2   BANK3   BANK4   BANK5   BANK6   BANK7
  1042 ;;      Params:         0       0       0       0       0       0       0       0       0
  1043 ;;      Locals:         0       0       0       0       0       0       0       0       0
  1044 ;;      Temps:          0       0       0       0       0       0       0       0       0
  1045 ;;      Totals:         0       0       0       0       0       0       0       0       0
  1046 ;;Total ram usage:        0 bytes
  1047 ;; Hardware stack levels used:    1
  1048 ;; Hardware stack levels required when called:    1
  1049 ;; This function calls:
  1050 ;;		Nothing
  1051 ;; This function is called by:
  1052 ;;		_main
  1053 ;; This function uses a non-reentrant model
  1054 ;;
  1055                           
  1056                           	psect	text6
  1057  00038E                     __ptext6:
  1058                           	callstack 0
  1059  00038E                     _PWM_Init:
  1060                           	callstack 29
  1061  00038E                     
  1062                           ;PWM.c: 19:     TRISCbits.RC2 = 1;
  1063  00038E  8494               	bsf	148,2,c	;volatile
  1064  000390                     
  1065                           ;PWM.c: 20:     PR2 = 124;
  1066  000390  0E7C               	movlw	124
  1067  000392  6ECB               	movwf	203,c	;volatile
  1068  000394                     
  1069                           ;PWM.c: 22:     P1M1 = 0;
  1070  000394  9EBD               	bcf	4029,7,c	;volatile
  1071  000396                     
  1072                           ;PWM.c: 23:     P1M0 = 0;
  1073  000396  9CBD               	bcf	4029,6,c	;volatile
  1074  000398                     
  1075                           ;PWM.c: 24:     CCP1M3 = 1;
  1076  000398  86BD               	bsf	4029,3,c	;volatile
  1077  00039A                     
  1078                           ;PWM.c: 25:     CCP1M2 = 1;
  1079  00039A  84BD               	bsf	4029,2,c	;volatile
  1080  00039C                     
  1081                           ;PWM.c: 26:     CCP1M1 = 0;
  1082  00039C  92BD               	bcf	4029,1,c	;volatile
  1083  00039E                     
  1084                           ;PWM.c: 27:     CCP1M0 = 0;
  1085  00039E  90BD               	bcf	4029,0,c	;volatile
  1086                           
  1087                           ;PWM.c: 29:     CCPR1L = 0;
  1088  0003A0  0E00               	movlw	0
  1089  0003A2  6EBE               	movwf	190,c	;volatile
  1090  0003A4                     
  1091                           ;PWM.c: 30:     DC1B1 = 0;
  1092  0003A4  9ABD               	bcf	4029,5,c	;volatile
  1093  0003A6                     
  1094                           ;PWM.c: 33:     TMR2ON = 0;
  1095  0003A6  94CA               	bcf	4042,2,c	;volatile
  1096  0003A8                     
  1097                           ;PWM.c: 34:     TMR2IF = 0;
  1098  0003A8  929E               	bcf	3998,1,c	;volatile
  1099  0003AA                     
  1100                           ;PWM.c: 35:     T2CKPS1 = 1;
  1101  0003AA  82CA               	bsf	4042,1,c	;volatile
  1102  0003AC                     
  1103                           ;PWM.c: 36:     TMR2ON = 1;
  1104  0003AC  84CA               	bsf	4042,2,c	;volatile
  1105  0003AE                     l72:
  1106  0003AE  A29E               	btfss	3998,1,c	;volatile
  1107  0003B0  EFDC  F001         	goto	u81
  1108  0003B4  EFDE  F001         	goto	u80
  1109  0003B8                     u81:
  1110  0003B8  EFD7  F001         	goto	l72
  1111  0003BC                     u80:
  1112  0003BC                     
  1113                           ;PWM.c: 39:     TRISCbits.RC2 = 0;
  1114  0003BC  9494               	bcf	148,2,c	;volatile
  1115                           
  1116                           ;PWM.c: 40:     ECCPASE = 0;
  1117  0003BE  9EB6               	bcf	4022,7,c	;volatile
  1118  0003C0  0012               	return		;funcret
  1119  0003C2                     __end_of_PWM_Init:
  1120                           	callstack 0
  1121                           
  1122 ;; *************** function _ISR *****************
  1123 ;; Defined at:
  1124 ;;		line 94 in file "carro.c"
  1125 ;; Parameters:    Size  Location     Type
  1126 ;;		None
  1127 ;; Auto vars:     Size  Location     Type
  1128 ;;		None
  1129 ;; Return value:  Size  Location     Type
  1130 ;;                  1    wreg      void 
  1131 ;; Registers used:
  1132 ;;		wreg, status,2, status,0
  1133 ;; Tracked objects:
  1134 ;;		On entry : 0/0
  1135 ;;		On exit  : 0/0
  1136 ;;		Unchanged: 0/0
  1137 ;; Data sizes:     COMRAM   BANK0   BANK1   BANK2   BANK3   BANK4   BANK5   BANK6   BANK7
  1138 ;;      Params:         0       0       0       0       0       0       0       0       0
  1139 ;;      Locals:         0       0       0       0       0       0       0       0       0
  1140 ;;      Temps:          0       0       0       0       0       0       0       0       0
  1141 ;;      Totals:         0       0       0       0       0       0       0       0       0
  1142 ;;Total ram usage:        0 bytes
  1143 ;; Hardware stack levels used:    1
  1144 ;; This function calls:
  1145 ;;		Nothing
  1146 ;; This function is called by:
  1147 ;;		Interrupt level 2
  1148 ;; This function uses a non-reentrant model
  1149 ;;
  1150                           
  1151                           	psect	intcode
  1152  000008                     __pintcode:
  1153                           	callstack 0
  1154  000008                     _ISR:
  1155                           	callstack 28
  1156                           
  1157                           ;incstack = 0
  1158  000008  821F               	bsf	int$flags,1,c	;set compiler interrupt flag (level 2)
  1159  00000A  EDAB  F001         	call	int_func,f	;refresh shadow registers
  1160                           
  1161                           	psect	intcode_body
  1162  000356                     __pintcode_body:
  1163                           	callstack 28
  1164  000356                     int_func:
  1165                           	callstack 28
  1166  000356  0006               	pop		; remove dummy address from shadow register refresh
  1167  000358                     
  1168                           ;carro.c: 95:     if (PIR1bits.TMR1IF == 1){
  1169  000358  A09E               	btfss	158,0,c	;volatile
  1170  00035A  EFB1  F001         	goto	i2u10_41
  1171  00035E  EFB3  F001         	goto	i2u10_40
  1172  000362                     i2u10_41:
  1173  000362  EFC5  F001         	goto	i2l152
  1174  000366                     i2u10_40:
  1175  000366                     
  1176                           ;carro.c: 96:         contador++;
  1177  000366  4A1B               	infsnz	_contador^0,f,c	;volatile
  1178  000368  2A1C               	incf	(_contador+1)^0,f,c	;volatile
  1179  00036A                     
  1180                           ;carro.c: 97:         if (contador == 19){
  1181  00036A  0E13               	movlw	19
  1182  00036C  181B               	xorwf	_contador^0,w,c	;volatile
  1183  00036E  101C               	iorwf	(_contador+1)^0,w,c	;volatile
  1184  000370  A4D8               	btfss	status,2,c
  1185  000372  EFBD  F001         	goto	i2u11_41
  1186  000376  EFBF  F001         	goto	i2u11_40
  1187  00037A                     i2u11_41:
  1188  00037A  EFC4  F001         	goto	i2l1050
  1189  00037E                     i2u11_40:
  1190  00037E                     
  1191                           ;carro.c: 98:             LATBbits.LB4 ^= 1;
  1192  00037E  788A               	btg	138,4,c	;volatile
  1193  000380                     
  1194                           ;carro.c: 99:             contador = 0;
  1195  000380  0E00               	movlw	0
  1196  000382  6E1C               	movwf	(_contador+1)^0,c	;volatile
  1197  000384  0E00               	movlw	0
  1198  000386  6E1B               	movwf	_contador^0,c	;volatile
  1199  000388                     i2l1050:
  1200                           
  1201                           ;carro.c: 101:         PIR1bits.TMR1IF = 0;
  1202  000388  909E               	bcf	158,0,c	;volatile
  1203  00038A                     i2l152:
  1204  00038A  921F               	bcf	int$flags,1,c	;clear compiler interrupt flag (level 2)
  1205  00038C  0011               	retfie		f
  1206  00038E                     __end_of_ISR:
  1207                           	callstack 0
  1208  0000                     
  1209                           	psect	rparam
  1210  0000                     
  1211                           	psect	temp
  1212  00001F                     btemp:
  1213                           	callstack 0
  1214  00001F                     	ds	1
  1215  0000                     int$flags	set	btemp
  1216  0000                     wtemp8	set	btemp+1
  1217  0000                     ttemp5	set	btemp+1
  1218  0000                     ttemp6	set	btemp+4
  1219  0000                     ttemp7	set	btemp+8
  1220                           
  1221                           	psect	idloc
  1222                           
  1223                           ;Config register IDLOC0 @ 0x200000
  1224                           ;	unspecified, using default values
  1225  200000                     	org	2097152
  1226  200000  FF                 	db	255
  1227                           
  1228                           ;Config register IDLOC1 @ 0x200001
  1229                           ;	unspecified, using default values
  1230  200001                     	org	2097153
  1231  200001  FF                 	db	255
  1232                           
  1233                           ;Config register IDLOC2 @ 0x200002
  1234                           ;	unspecified, using default values
  1235  200002                     	org	2097154
  1236  200002  FF                 	db	255
  1237                           
  1238                           ;Config register IDLOC3 @ 0x200003
  1239                           ;	unspecified, using default values
  1240  200003                     	org	2097155
  1241  200003  FF                 	db	255
  1242                           
  1243                           ;Config register IDLOC4 @ 0x200004
  1244                           ;	unspecified, using default values
  1245  200004                     	org	2097156
  1246  200004  FF                 	db	255
  1247                           
  1248                           ;Config register IDLOC5 @ 0x200005
  1249                           ;	unspecified, using default values
  1250  200005                     	org	2097157
  1251  200005  FF                 	db	255
  1252                           
  1253                           ;Config register IDLOC6 @ 0x200006
  1254                           ;	unspecified, using default values
  1255  200006                     	org	2097158
  1256  200006  FF                 	db	255
  1257                           
  1258                           ;Config register IDLOC7 @ 0x200007
  1259                           ;	unspecified, using default values
  1260  200007                     	org	2097159
  1261  200007  FF                 	db	255
  1262                           
  1263                           	psect	config
  1264                           
  1265                           ;Config register CONFIG1L @ 0x300000
  1266                           ;	unspecified, using default values
  1267                           ;	PLL Prescaler Selection bits
  1268                           ;	PLLDIV = 0x0, unprogrammed default
  1269                           ;	System Clock Postscaler Selection bits
  1270                           ;	CPUDIV = 0x0, unprogrammed default
  1271                           ;	USB Clock Selection bit (used in Full-Speed USB mode only; UCFG:FSEN = 1)
  1272                           ;	USBDIV = 0x0, unprogrammed default
  1273  300000                     	org	3145728
  1274  300000  00                 	db	0
  1275                           
  1276                           ;Config register CONFIG1H @ 0x300001
  1277                           ;	unspecified, using default values
  1278                           ;	Oscillator Selection bits
  1279                           ;	FOSC = 0x5, unprogrammed default
  1280                           ;	Fail-Safe Clock Monitor Enable bit
  1281                           ;	FCMEN = 0x0, unprogrammed default
  1282                           ;	Internal/External Oscillator Switchover bit
  1283                           ;	IESO = 0x0, unprogrammed default
  1284  300001                     	org	3145729
  1285  300001  05                 	db	5
  1286                           
  1287                           ;Config register CONFIG2L @ 0x300002
  1288                           ;	unspecified, using default values
  1289                           ;	Power-up Timer Enable bit
  1290                           ;	PWRT = 0x1, unprogrammed default
  1291                           ;	Brown-out Reset Enable bits
  1292                           ;	BOR = 0x3, unprogrammed default
  1293                           ;	Brown-out Reset Voltage bits
  1294                           ;	BORV = 0x3, unprogrammed default
  1295                           ;	USB Voltage Regulator Enable bit
  1296                           ;	VREGEN = 0x0, unprogrammed default
  1297  300002                     	org	3145730
  1298  300002  1F                 	db	31
  1299                           
  1300                           ;Config register CONFIG2H @ 0x300003
  1301                           ;	unspecified, using default values
  1302                           ;	Watchdog Timer Enable bit
  1303                           ;	WDT = 0x1, unprogrammed default
  1304                           ;	Watchdog Timer Postscale Select bits
  1305                           ;	WDTPS = 0xF, unprogrammed default
  1306  300003                     	org	3145731
  1307  300003  1F                 	db	31
  1308                           
  1309                           ; Padding undefined space
  1310  300004                     	org	3145732
  1311  300004  FF                 	db	255
  1312                           
  1313                           ;Config register CONFIG3H @ 0x300005
  1314                           ;	unspecified, using default values
  1315                           ;	CCP2 MUX bit
  1316                           ;	CCP2MX = 0x1, unprogrammed default
  1317                           ;	PORTB A/D Enable bit
  1318                           ;	PBADEN = 0x1, unprogrammed default
  1319                           ;	Low-Power Timer 1 Oscillator Enable bit
  1320                           ;	LPT1OSC = 0x0, unprogrammed default
  1321                           ;	MCLR Pin Enable bit
  1322                           ;	MCLRE = 0x1, unprogrammed default
  1323  300005                     	org	3145733
  1324  300005  83                 	db	131
  1325                           
  1326                           ;Config register CONFIG4L @ 0x300006
  1327                           ;	unspecified, using default values
  1328                           ;	Stack Full/Underflow Reset Enable bit
  1329                           ;	STVREN = 0x1, unprogrammed default
  1330                           ;	Single-Supply ICSP Enable bit
  1331                           ;	LVP = 0x1, unprogrammed default
  1332                           ;	Dedicated In-Circuit Debug/Programming Port (ICPORT) Enable bit
  1333                           ;	ICPRT = 0x0, unprogrammed default
  1334                           ;	Extended Instruction Set Enable bit
  1335                           ;	XINST = 0x0, unprogrammed default
  1336                           ;	Background Debugger Enable bit
  1337                           ;	DEBUG = 0x1, unprogrammed default
  1338  300006                     	org	3145734
  1339  300006  85                 	db	133
  1340                           
  1341                           ; Padding undefined space
  1342  300007                     	org	3145735
  1343  300007  FF                 	db	255
  1344                           
  1345                           ;Config register CONFIG5L @ 0x300008
  1346                           ;	unspecified, using default values
  1347                           ;	Code Protection bit
  1348                           ;	CP0 = 0x1, unprogrammed default
  1349                           ;	Code Protection bit
  1350                           ;	CP1 = 0x1, unprogrammed default
  1351                           ;	Code Protection bit
  1352                           ;	CP2 = 0x1, unprogrammed default
  1353                           ;	Code Protection bit
  1354                           ;	CP3 = 0x1, unprogrammed default
  1355  300008                     	org	3145736
  1356  300008  0F                 	db	15
  1357                           
  1358                           ;Config register CONFIG5H @ 0x300009
  1359                           ;	unspecified, using default values
  1360                           ;	Boot Block Code Protection bit
  1361                           ;	CPB = 0x1, unprogrammed default
  1362                           ;	Data EEPROM Code Protection bit
  1363                           ;	CPD = 0x1, unprogrammed default
  1364  300009                     	org	3145737
  1365  300009  C0                 	db	192
  1366                           
  1367                           ;Config register CONFIG6L @ 0x30000A
  1368                           ;	unspecified, using default values
  1369                           ;	Write Protection bit
  1370                           ;	WRT0 = 0x1, unprogrammed default
  1371                           ;	Write Protection bit
  1372                           ;	WRT1 = 0x1, unprogrammed default
  1373                           ;	Write Protection bit
  1374                           ;	WRT2 = 0x1, unprogrammed default
  1375                           ;	Write Protection bit
  1376                           ;	WRT3 = 0x1, unprogrammed default
  1377  30000A                     	org	3145738
  1378  30000A  0F                 	db	15
  1379                           
  1380                           ;Config register CONFIG6H @ 0x30000B
  1381                           ;	unspecified, using default values
  1382                           ;	Configuration Register Write Protection bit
  1383                           ;	WRTC = 0x1, unprogrammed default
  1384                           ;	Boot Block Write Protection bit
  1385                           ;	WRTB = 0x1, unprogrammed default
  1386                           ;	Data EEPROM Write Protection bit
  1387                           ;	WRTD = 0x1, unprogrammed default
  1388  30000B                     	org	3145739
  1389  30000B  E0                 	db	224
  1390                           
  1391                           ;Config register CONFIG7L @ 0x30000C
  1392                           ;	unspecified, using default values
  1393                           ;	Table Read Protection bit
  1394                           ;	EBTR0 = 0x1, unprogrammed default
  1395                           ;	Table Read Protection bit
  1396                           ;	EBTR1 = 0x1, unprogrammed default
  1397                           ;	Table Read Protection bit
  1398                           ;	EBTR2 = 0x1, unprogrammed default
  1399                           ;	Table Read Protection bit
  1400                           ;	EBTR3 = 0x1, unprogrammed default
  1401  30000C                     	org	3145740
  1402  30000C  0F                 	db	15
  1403                           
  1404                           ;Config register CONFIG7H @ 0x30000D
  1405                           ;	unspecified, using default values
  1406                           ;	Boot Block Table Read Protection bit
  1407                           ;	EBTRB = 0x1, unprogrammed default
  1408  30000D                     	org	3145741
  1409  30000D  40                 	db	64
  1410                           tosu	equ	0xFFF
  1411                           tosh	equ	0xFFE
  1412                           tosl	equ	0xFFD
  1413                           stkptr	equ	0xFFC
  1414                           pclatu	equ	0xFFB
  1415                           pclath	equ	0xFFA
  1416                           pcl	equ	0xFF9
  1417                           tblptru	equ	0xFF8
  1418                           tblptrh	equ	0xFF7
  1419                           tblptrl	equ	0xFF6
  1420                           tablat	equ	0xFF5
  1421                           prodh	equ	0xFF4
  1422                           prodl	equ	0xFF3
  1423                           indf0	equ	0xFEF
  1424                           postinc0	equ	0xFEE
  1425                           postdec0	equ	0xFED
  1426                           preinc0	equ	0xFEC
  1427                           plusw0	equ	0xFEB
  1428                           fsr0h	equ	0xFEA
  1429                           fsr0l	equ	0xFE9
  1430                           wreg	equ	0xFE8
  1431                           indf1	equ	0xFE7
  1432                           postinc1	equ	0xFE6
  1433                           postdec1	equ	0xFE5
  1434                           preinc1	equ	0xFE4
  1435                           plusw1	equ	0xFE3
  1436                           fsr1h	equ	0xFE2
  1437                           fsr1l	equ	0xFE1
  1438                           bsr	equ	0xFE0
  1439                           indf2	equ	0xFDF
  1440                           postinc2	equ	0xFDE
  1441                           postdec2	equ	0xFDD
  1442                           preinc2	equ	0xFDC
  1443                           plusw2	equ	0xFDB
  1444                           fsr2h	equ	0xFDA
  1445                           fsr2l	equ	0xFD9
  1446                           status	equ	0xFD8

Data Sizes:
    Strings     0
    Constant    0
    Data        0
    BSS         5
    Persistent  0
    Stack       0

Auto Spaces:
    Space          Size  Autos    Used
    COMRAM           94     24      30
    BANK0           160      0       0
    BANK1           256      0       0
    BANK2           256      0       0
    BANK3           256      0       0
    BANK4           256      0       0
    BANK5           256      0       0
    BANK6           256      0       0
    BANK7           256      0       0

Pointer List with Targets:

    None.

Critical Paths under _main in COMRAM

    _main->_USART_Init
    _USART_Init->___aldiv

Critical Paths under _ISR in COMRAM

    None.

Critical Paths under _main in BANK0

    None.

Critical Paths under _ISR in BANK0

    None.

Critical Paths under _main in BANK1

    None.

Critical Paths under _ISR in BANK1

    None.

Critical Paths under _main in BANK2

    None.

Critical Paths under _ISR in BANK2

    None.

Critical Paths under _main in BANK3

    None.

Critical Paths under _ISR in BANK3

    None.

Critical Paths under _main in BANK4

    None.

Critical Paths under _ISR in BANK4

    None.

Critical Paths under _main in BANK5

    None.

Critical Paths under _ISR in BANK5

    None.

Critical Paths under _main in BANK6

    None.

Critical Paths under _ISR in BANK6

    None.

Critical Paths under _main in BANK7

    None.

Critical Paths under _ISR in BANK7

    None.

Call Graph Tables:

 ---------------------------------------------------------------------------------
 (Depth) Function   	        Calls       Base Space   Used Autos Params    Refs
 ---------------------------------------------------------------------------------
 (0) _main                                                 2     2      0     740
                                             22 COMRAM     2     2      0
                           _PWM_Init
                          _PWM_Speed
                         _USART_Init
                           _USART_Rx
                         _timer_init
 ---------------------------------------------------------------------------------
 (1) _timer_init                                           0     0      0       0
 ---------------------------------------------------------------------------------
 (1) _USART_Rx                                             0     0      0       0
 ---------------------------------------------------------------------------------
 (1) _USART_Init                                           8     4      4     725
                                             14 COMRAM     8     4      4
                            ___aldiv
 ---------------------------------------------------------------------------------
 (2) ___aldiv                                             14     6      8     604
                                              0 COMRAM    14     6      8
 ---------------------------------------------------------------------------------
 (1) _PWM_Speed                                            3     3      0      15
                                              0 COMRAM     3     3      0
 ---------------------------------------------------------------------------------
 (1) _PWM_Init                                             0     0      0       0
 ---------------------------------------------------------------------------------
 Estimated maximum stack depth 2
 ---------------------------------------------------------------------------------
 (Depth) Function   	        Calls       Base Space   Used Autos Params    Refs
 ---------------------------------------------------------------------------------
 (3) _ISR                                                  0     0      0       0
 ---------------------------------------------------------------------------------
 Estimated maximum stack depth 3
 ---------------------------------------------------------------------------------

 Call Graph Graphs:

 _main (ROOT)
   _PWM_Init
   _PWM_Speed
   _USART_Init
     ___aldiv
   _USART_Rx
   _timer_init

 _ISR (ROOT)

 Address spaces:
Name               Size   Autos  Total    Cost      Usage
BIGRAM             7FF      0       0      21        0.0%
EEDATA             100      0       0       0        0.0%
BITBANK7           100      0       0      18        0.0%
BANK7              100      0       0      19        0.0%
BITBANK6           100      0       0      16        0.0%
BANK6              100      0       0      17        0.0%
BITBANK5           100      0       0      14        0.0%
BANK5              100      0       0      15        0.0%
BITBANK4           100      0       0      12        0.0%
BANK4              100      0       0      13        0.0%
BITBANK3           100      0       0      10        0.0%
BANK3              100      0       0      11        0.0%
BITBANK2           100      0       0       8        0.0%
BANK2              100      0       0       9        0.0%
BITBANK1           100      0       0       6        0.0%
BANK1              100      0       0       7        0.0%
BITBANK0            A0      0       0       4        0.0%
BANK0               A0      0       0       5        0.0%
BITCOMRAM           5E      0       1       0        1.1%
COMRAM              5E     18      1E       1       31.9%
BITSFR               0      0       0     200        0.0%
SFR                  0      0       0     200        0.0%
STACK                0      0       0       2        0.0%
NULL                 0      0       0       0        0.0%
ABS                  0      0      1E      20        0.0%
DATA                 0      0      1E       3        0.0%
CODE                 0      0       0       0        0.0%


Microchip Technology PIC18 Macro Assembler V2.20 build 20200408173844 
Symbol Table                                                                                   Mon Jun 22 17:59:54 2020

                     l33 03F2                       l27 0354                       l36 0402  
                     l39 03F0                       l72 03AE                       l74 03BC  
                     l75 03C0                       l86 02E4                       u70 0400  
                     u71 03FC                       u80 03BC                       u81 03B8  
                    l131 0068                      l132 0074                      l133 0080  
                    l129 005C                      l234 0266                      l900 03E6  
                    l910 038E                      l902 03E8                      l920 039A  
                    l912 0390                      l904 03EA                      l930 03A8  
                    l922 039C                      l914 0394                      l906 03EC  
                    l932 03AA                      l924 039E                      l916 0396  
                    l940 0272                      l908 03EE                      l934 03AC  
                    l926 03A4                      l918 0398                      l950 0284  
                    l942 0274                      l928 03A6                      l952 0288  
                    l944 027A                      l936 026A                      l962 029A  
                    l954 028A                      l946 027E                      l938 026E  
                    l890 03F2                      l956 0290                      l892 0400  
                    l958 0294                      l974 02A2                      l896 03DC  
                    l898 03E4                      u120 016E                      u121 016A  
                    u130 0190                      u131 018C                      u140 01CA  
                    u141 01C6                      u150 01EC                      u151 01E8  
                    u160 0214                      u161 0210                      u170 0246  
                    u171 0242                      u180 00A2                      u181 009E  
                    _PR2 000FCB                      _ISR 0008                     ?_ISR 0001  
                   l1100 0256                     l1110 0348                     l1120 0352  
                   l1112 034A                     l1104 02E6                     l1114 034C  
                   l1106 02EA                     l1130 0032                     l1122 0012  
                   l1060 015C                     l1116 034E                     l1108 0346  
                   l1140 003C                     l1132 0034                     l1124 0026  
                   l1070 0190                     l1062 0160                     l1118 0350  
                   l1150 0056                     l1142 003E                     l1134 0036  
                   l1126 002A                     l1080 01D2                     l1072 01A0  
                   l1064 016E                     l1160 00A8                     l1152 008C  
                   l1144 0040                     l1136 0038                     l1128 002E  
                   l1090 0224                     l1082 01DE                     l1074 01A4  
                   l1066 017E                     l1170 00DA                     l1162 00B2  
                   l1154 0092                     l1146 0044                     l1138 003A  
                   l1092 0226                     l1084 01EC                     l1076 01B4  
                   l1068 0182                     l1164 00BC                     l1156 0094  
                   l1148 004A                     l1190 02B6                     l1094 0230  
                   l1086 01F6                     l1078 01CA                     l1166 00C6  
                   l1158 00A2                     l1174 00E4                     l1088 0214  
                   l1096 0236                     l1168 00D0                     l1098 0246  
                   l1188 00FA                     _P1M0 007DEE                     _P1M1 007DEF  
                   _LATA 000F89                     _LATC 000F8B                     _RCIF 007CF5  
                   _main 0012                     btemp 001F                     start 000E  
           ___param_bank 000000           PWM_Speed@speed 0003                    ??_ISR 0001  
                  _DC1B0 007DEC                    _DC1B1 007DED          __end_of___aldiv 0268  
                  ?_main 0001                    i2l152 038A                    _RCREG 000FAE  
                  _TMR1H 000FCF                    _TMR1L 000FCE                    _SPBRG 000FAF  
                  _TXREG 000FAD         __end_of_USART_Rx 0404           __pbitbssCOMRAM 00F0  
       __end_of_PWM_Init 03C2                    ttemp5 0020                    ttemp6 0023  
                  ttemp7 0027                    status 000FD8                    wtemp8 0020  
     __size_of_PWM_Speed 007E              ?_USART_Init 000F          __initialization 03C2  
           __end_of_main 015C                   ??_main 0017            __activetblptr 000002  
                 _CCP1M0 007DE8                   _CCP1M1 007DE9                   _CCP1M2 007DEA  
                 _CCP1M3 007DEB                   _CCPR1L 000FBE                   i2l1040 0358  
                 i2l1050 0388                   i2l1042 0366                   i2l1044 036A  
                 i2l1046 037E                   i2l1048 0380                   _TMR2IF 007CF1  
                 _TMR2ON 007E52                ??___aldiv 0009        __end_of_PWM_Speed 02E6  
                 tblptru 000FF8      __size_of_USART_Init 0070               __accesstop 0060  
__end_of__initialization 03CE            ___rparam_used 000001           __pcstackCOMRAM 0001  
              ?_USART_Rx 0001                ?_PWM_Init 0001                  _ECCPASE 007DB7  
             ??_USART_Rx 0001               ??_PWM_Init 0001                  _T2CKPS1 007E51  
                i2u10_40 0366                  i2u10_41 0362                  i2u11_40 037E  
                i2u11_41 037A             _ledEncendida 00F0             ??_USART_Init 0013  
                __Hparam 0000                  __Lparam 0000                  ___aldiv 015C  
                __pcinit 03C2                  __ramtop 0800                  __ptext0 0012  
                __ptext1 03DC                  __ptext2 03F2                  __ptext3 02E6  
                __ptext4 015C                  __ptext5 0268                  __ptext6 038E  
         USART_Init@baud 000F             __size_of_ISR 0386                _T1CONbits 000FCD  
       ___aldiv@dividend 0001       __end_of_USART_Init 0356           __pintcode_body 0356  
   end_of_initialization 03CE            __Lmediumconst 0000                  int_func 0356  
              _RCSTAbits 000FAB         ___aldiv@quotient 000B               _timer_init 03DC  
              _PORTAbits 000F80                _PORTBbits 000F81                _TRISAbits 000F92  
              _TRISBbits 000F93                _TRISCbits 000F94                _PWM_Speed 0268  
              _TXSTAbits 000FAC          _comandoRecibido 001D        __size_of_USART_Rx 0012  
      __size_of_PWM_Init 0034      start_initialization 03C2              __end_of_ISR 038E  
             ?_PWM_Speed 0001              ?_timer_init 0001              __pbssCOMRAM 0019  
              __pintcode 0008                 ?___aldiv 0001              ??_PWM_Speed 0001  
        ___aldiv@divisor 0005          ___aldiv@counter 0009                 _LATBbits 000F8A  
    __size_of_timer_init 0016                 _PIE1bits 000F9D                 _PIR1bits 000F9E  
               _USART_Rx 03F2                 _PWM_Init 038E                 __Hrparam 0000  
               __Lrparam 0000         __size_of___aldiv 010C                 _contador 001B  
          __size_of_main 014A          _USART_Init$1372 0013                 int$flags 001F  
          _numeroComando 0019             ??_timer_init 0001               _INTCONbits 000FF2  
               intlevel2 0000       __end_of_timer_init 03F2             ___aldiv@sign 000A  
             _USART_Init 02E6  
